 ray tracer for dipping structures

 structure file: simple.mod model  lyr1       2 layers
 layer     vp    vs     dens     strike     dip     z
    1    6.30   3.60     2.70       0.00     0.0      0.0
    2    8.00   4.50     3.20       0.00     0.0     30.0





 incident p-wave, back azimuth:   0.00 ray parameter:  0.0600
 direct arrival spends   5.144 secs in layering
 all times relative to direct ray

 wave type   layer    time     azimuth     ray param.   angle
     pp     direct    0.000      0.00        0.0600      22.21

 layer  2
 wave type   layer    time     azimuth     ray param.   angle
   pppmp       2      8.817      0.00        0.0600      22.21
   pppms       2     12.545      0.00        0.0600      12.47
   ppsmp       2     12.545      0.00        0.0600      22.21
   ppsms       2     16.273      0.00        0.0600      12.47

 layer  2
 wave type   layer    time     azimuth     ray param.   angle
     ps        2      3.728      0.00        0.0600      12.47
   pspmp       2     12.545      0.00        0.0600      22.21
   pspms       2     16.273      0.00        0.0600      12.47
   pssmp       2     16.273      0.00        0.0600      22.21
   pssms       2     20.001      0.00        0.0600      12.47
